c:\users\matías\onedrive\ort\a1\obligatorio\2016s1_obla1_parte2\debug\vc140.pdb
c:\users\matías\onedrive\ort\a1\obligatorio\2016s1_obla1_parte2\debug\vc140.idb
c:\users\matías\onedrive\ort\a1\obligatorio\2016s1_obla1_parte2\debug\casainteligente.obj
c:\users\matías\onedrive\ort\a1\obligatorio\2016s1_obla1_parte2\debug\referencia.obj
c:\users\matías\onedrive\ort\a1\obligatorio\2016s1_obla1_parte2\debug\cadena.obj
c:\users\matías\onedrive\ort\a1\obligatorio\2016s1_obla1_parte2\debug\asociacion.obj
c:\users\matías\onedrive\ort\a1\obligatorio\2016s1_obla1_parte2\debug\abbimp.obj
c:\users\matías\onedrive\ort\a1\obligatorio\2016s1_obla1_parte2\debug\interfazdelsistemaimp.obj
c:\users\matías\onedrive\ort\a1\obligatorio\2016s1_obla1_parte2\debug\listaimp.obj
c:\users\matías\onedrive\ort\a1\obligatorio\2016s1_obla1_parte2\debug\iteradorlistaimp.obj
c:\users\matías\onedrive\ort\a1\obligatorio\2016s1_obla1_parte2\debug\manejadorsalidaprueba.obj
c:\users\matías\onedrive\ort\a1\obligatorio\2016s1_obla1_parte2\debug\manejadorimpresionprueba.obj
c:\users\matías\onedrive\ort\a1\obligatorio\2016s1_obla1_parte2\debug\prueba.obj
c:\users\matías\onedrive\ort\a1\obligatorio\2016s1_obla1_parte2\debug\conductorprueba.obj
c:\users\matías\onedrive\ort\a1\obligatorio\2016s1_obla1_parte2\debug\estadisticaprueba.obj
c:\users\matías\onedrive\ort\a1\obligatorio\2016s1_obla1_parte2\debug\pruebaspropias.obj
c:\users\matías\onedrive\ort\a1\obligatorio\2016s1_obla1_parte2\debug\pruebasejemplodeuso.obj
c:\users\matías\onedrive\ort\a1\obligatorio\2016s1_obla1_parte2\debug\pruebascorreccion.obj
c:\users\matías\onedrive\ort\a1\obligatorio\2016s1_obla1_parte2\debug\main.obj
c:\users\matías\onedrive\ort\a1\obligatorio\2016s1_obla1_parte2\debug\listaordimp.obj
c:\users\matías\onedrive\ort\a1\obligatorio\2016s1_obla1_parte2\debug\iteradorlistaordimp.obj
c:\users\matías\onedrive\ort\a1\obligatorio\2016s1_obla1_parte2\debug\conductorpruebaobl2.obj
c:\users\matías\onedrive\ort\a1\obligatorio\2016s1_obla1_parte2\debug\escena.obj
c:\users\matías\onedrive\ort\a1\obligatorio\2016s1_obla1_parte2\debug\cambio.obj
c:\users\matías\onedrive\ort\a1\obligatorio\2016s1_obla1_parte2\debug\sensor.obj
c:\users\matías\onedrive\ort\a1\obligatorio\2016s1_obla1_parte2\debug\luz.obj
c:\users\matías\onedrive\ort\a1\obligatorio\2016s1_obla1_parte2\debug\artefacto.obj
c:\users\matías\onedrive\ort\a1\obligatorio\2016s1_obla1_parte2\debug\alarma.obj
c:\users\matías\onedrive\ort\a1\obligatorio\2016s1_obla1_parte2\debug\condicion.obj
c:\users\matías\onedrive\ort\a1\obligatorio\2016s1_obla1_parte2\debug\aframework.pdb
c:\users\matías\onedrive\ort\a1\obligatorio\2016s1_obla1_parte2\debug\aframework.tlog\cl.command.1.tlog
c:\users\matías\onedrive\ort\a1\obligatorio\2016s1_obla1_parte2\debug\aframework.tlog\cl.read.1.tlog
c:\users\matías\onedrive\ort\a1\obligatorio\2016s1_obla1_parte2\debug\aframework.tlog\cl.write.1.tlog
c:\users\matías\onedrive\ort\a1\obligatorio\2016s1_obla1_parte2\debug\aframework.tlog\link.command.1.tlog
c:\users\matías\onedrive\ort\a1\obligatorio\2016s1_obla1_parte2\debug\aframework.tlog\link.read.1.tlog
c:\users\matías\onedrive\ort\a1\obligatorio\2016s1_obla1_parte2\debug\aframework.tlog\link.write.1.tlog
