  ConductorPruebaObl2.cpp
  IteradorListaOrdImp.cpp
  ListaOrdImp.cpp
  main.cpp
  PruebasCorreccion.cpp
  PruebasEjemploDeUso.cpp
  PruebasPropias.cpp
  EstadisticaPrueba.cpp
  ConductorPrueba.cpp
  Prueba.cpp
  ManejadorImpresionPrueba.cpp
  ManejadorSalidaPrueba.cpp
  IteradorListaImp.cpp
  ListaImp.cpp
  InterfazDelSistemaImp.cpp
  ABBImp.cpp
  Asociacion.cpp
  Cadena.cpp
  Referencia.cpp
  CasaInteligente.cpp
  Generating Code...
  Compiling...
  Condicion.cpp
  Alarma.cpp
  Artefacto.cpp
  Luz.cpp
  Sensor.cpp
  Cambio.cpp
  Escena.cpp
  Generating Code...
ConductorPruebaObl2.obj : warning LNK4075: ignoring '/EDITANDCONTINUE' due to '/SAFESEH' specification
  aFramework.vcxproj -> C:\Users\Bruno\Documents\GitHub\Obligatorio\2016s1_OblA1_Parte2\.\Debug\aFramework.exe
